Start testing: Mar 26 15:12 UTC
----------------------------------------------------------
1/2 Testing: RunGmshReader
1/2 Test: RunGmshReader
Command: "/work/students/hpc-f0v113/firefly/Firefly/CmakeTest/build/GmshReader" "/work/students/hpc-f0v113/firefly/Firefly/CmakeTest/test.msh" "/work/students/hpc-f0v113/firefly/Firefly/CmakeTest/build/output.txt"
Directory: /work/students/hpc-f0v113/firefly/Firefly/CmakeTest/build
"RunGmshReader" start time: Mar 26 15:12 UTC
Output:
----------------------------------------------------------
Test Passed: Essential mesh data matches.
<end of output>
Test time =   0.00 sec
----------------------------------------------------------
Test Passed.
"RunGmshReader" end time: Mar 26 15:12 UTC
"RunGmshReader" time elapsed: 00:00:00
----------------------------------------------------------

2/2 Testing: CompareOutput
2/2 Test: CompareOutput
Command: "/work/students/hpc-f0v113/cmake/bin/cmake" "-E" "compare_files" "/work/students/hpc-f0v113/firefly/Firefly/CmakeTest/build/output.txt" "/work/students/hpc-f0v113/firefly/Firefly/CmakeTest/expected_output.txt"
Directory: /work/students/hpc-f0v113/firefly/Firefly/CmakeTest/build
"CompareOutput" start time: Mar 26 15:12 UTC
Output:
----------------------------------------------------------
<end of output>
Test time =   0.01 sec
----------------------------------------------------------
Test Passed.
"CompareOutput" end time: Mar 26 15:12 UTC
"CompareOutput" time elapsed: 00:00:00
----------------------------------------------------------

End testing: Mar 26 15:12 UTC
