Start testing: Mar 18 20:34 UTC
----------------------------------------------------------
1/1 Testing: RunGmshReader
1/1 Test: RunGmshReader
Command: "/work/students/hpc-f0v113/firefly/CmakeTest/build/GmshReader" "example.msh"
Directory: /work/students/hpc-f0v113/firefly/CmakeTest/build
"RunGmshReader" start time: Mar 18 20:34 UTC
Output:
----------------------------------------------------------

Node Coordinates:
ID 1: (0.000000, 0.000000, 0.000000)
ID 2: (1.000000, 0.000000, 0.000000)
ID 3: (1.000000, 1.000000, 0.000000)
ID 4: (0.000000, 1.000000, 0.000000)
ID 5: (0.000000, 0.000000, 1.000000)
ID 6: (1.000000, 0.000000, 1.000000)
ID 7: (1.000000, 1.000000, 1.000000)
ID 8: (0.000000, 1.000000, 1.000000)

Element Connectivity:
Element 1: 3 4 0 0 
Element 2: 0 0 5 6 
Element 3: 3 4 5 6 7 8 0 0 
Element 4: 6 7 4 0 
<end of output>
Test time =   0.00 sec
----------------------------------------------------------
Test Passed.
"RunGmshReader" end time: Mar 18 20:34 UTC
"RunGmshReader" time elapsed: 00:00:00
----------------------------------------------------------

End testing: Mar 18 20:34 UTC
